<?xml version="1.0" encoding="UTF-8"?>
<testng-results ignored="0" total="1" passed="0" failed="0" skipped="1">
  <reporter-output>
  </reporter-output>
  <suite started-at="2023-12-07T18:12:59 IST" name="Suite" finished-at="2023-12-07T18:13:02 IST" duration-ms="3374">
    <groups>
    </groups>
    <test started-at="2023-12-07T18:12:59 IST" name="Test" finished-at="2023-12-07T18:13:02 IST" duration-ms="3374">
      <class name="com.playwright.tests.PlaywrightTest">
        <test-method is-config="true" signature="getPage()[pri:0, instance:com.playwright.tests.PlaywrightTest@47d9a273]" started-at="2023-12-07T18:12:53 IST" name="getPage" finished-at="2023-12-07T18:12:59 IST" duration-ms="6156" status="PASS">
          <reporter-output>
          </reporter-output>
        </test-method> <!-- getPage -->
        <test-method is-config="true" signature="setup()[pri:0, instance:com.playwright.tests.PlaywrightTest@47d9a273]" started-at="2023-12-07T18:12:59 IST" name="setup" finished-at="2023-12-07T18:13:01 IST" duration-ms="1828" status="PASS">
          <reporter-output>
          </reporter-output>
        </test-method> <!-- setup -->
        <test-method signature="registration()[pri:0, instance:com.playwright.tests.PlaywrightTest@47d9a273]" started-at="2023-12-07T18:13:01 IST" name="registration" finished-at="2023-12-07T18:13:02 IST" duration-ms="1496" status="SKIP">
          <exception class="org.testng.SkipException">
            <message>
              <![CDATA[User is already registered]]>
            </message>
            <full-stacktrace>
              <![CDATA[org.testng.SkipException: User is already registered
at com.playwright.pages.RegistrationPage.register(RegistrationPage.java:46)
at com.playwright.tests.PlaywrightTest.registration(PlaywrightTest.java:40)
at java.base/jdk.internal.reflect.NativeMethodAccessorImpl.invoke0(Native Method)
at java.base/jdk.internal.reflect.NativeMethodAccessorImpl.invoke(NativeMethodAccessorImpl.java:77)
at java.base/jdk.internal.reflect.DelegatingMethodAccessorImpl.invoke(DelegatingMethodAccessorImpl.java:43)
at java.base/java.lang.reflect.Method.invoke(Method.java:568)
at org.testng.internal.invokers.MethodInvocationHelper.invokeMethod(MethodInvocationHelper.java:139)
at org.testng.internal.invokers.TestInvoker.invokeMethod(TestInvoker.java:677)
at org.testng.internal.invokers.TestInvoker.invokeTestMethod(TestInvoker.java:221)
at org.testng.internal.invokers.MethodRunner.runInSequence(MethodRunner.java:50)
at org.testng.internal.invokers.TestInvoker$MethodInvocationAgent.invoke(TestInvoker.java:969)
at org.testng.internal.invokers.TestInvoker.invokeTestMethods(TestInvoker.java:194)
at org.testng.internal.invokers.TestMethodWorker.invokeTestMethods(TestMethodWorker.java:148)
at org.testng.internal.invokers.TestMethodWorker.run(TestMethodWorker.java:128)
at java.base/java.util.ArrayList.forEach(ArrayList.java:1511)
at org.testng.TestRunner.privateRun(TestRunner.java:829)
at org.testng.TestRunner.run(TestRunner.java:602)
at org.testng.SuiteRunner.runTest(SuiteRunner.java:437)
at org.testng.SuiteRunner.runSequentially(SuiteRunner.java:431)
at org.testng.SuiteRunner.privateRun(SuiteRunner.java:391)
at org.testng.SuiteRunner.run(SuiteRunner.java:330)
at org.testng.SuiteRunnerWorker.runSuite(SuiteRunnerWorker.java:52)
at org.testng.SuiteRunnerWorker.run(SuiteRunnerWorker.java:95)
at org.testng.TestNG.runSuitesSequentially(TestNG.java:1256)
at org.testng.TestNG.runSuitesLocally(TestNG.java:1176)
at org.testng.TestNG.runSuites(TestNG.java:1099)
at org.testng.TestNG.run(TestNG.java:1067)
at org.testng.remote.AbstractRemoteTestNG.run(AbstractRemoteTestNG.java:115)
at org.testng.remote.RemoteTestNG.initAndRun(RemoteTestNG.java:251)
at org.testng.remote.RemoteTestNG.main(RemoteTestNG.java:77)
]]>
            </full-stacktrace>
          </exception> <!-- org.testng.SkipException -->
          <reporter-output>
          </reporter-output>
        </test-method> <!-- registration -->
        <test-method is-config="true" signature="teardown()[pri:0, instance:com.playwright.tests.PlaywrightTest@47d9a273]" started-at="2023-12-07T18:13:02 IST" name="teardown" finished-at="2023-12-07T18:13:02 IST" duration-ms="43" status="PASS">
          <reporter-output>
          </reporter-output>
        </test-method> <!-- teardown -->
      </class> <!-- com.playwright.tests.PlaywrightTest -->
    </test> <!-- Test -->
  </suite> <!-- Suite -->
</testng-results>
